-- The C compiler identification is GNU 11.4.0
-- The CXX compiler identification is GNU 11.4.0
-- Detecting C compiler ABI info
-- Detecting C compiler ABI info - done
-- Check for working C compiler: /usr/bin/cc - skipped
-- Detecting C compile features
-- Detecting C compile features - done
-- Detecting CXX compiler ABI info
-- Detecting CXX compiler ABI info - done
-- Check for working CXX compiler: /usr/bin/c++ - skipped
-- Detecting CXX compile features
-- Detecting CXX compile features - done
-- Found Python3: /usr/bin/python3.10 (found version "3.10.12") found components: Interpreter 
-- Looking for pthread.h
-- Looking for pthread.h - found
-- Performing Test CMAKE_HAVE_LIBC_PTHREAD
-- Performing Test CMAKE_HAVE_LIBC_PTHREAD - Success
-- Found Threads: TRUE  
-- Found ament_cmake: 1.3.10 (/opt/ros/humble/share/ament_cmake/cmake)
-- Found Python3: /usr/bin/python3 (found version "3.10.12") found components: Interpreter 
-- Found std_msgs: 4.2.4 (/opt/ros/humble/share/std_msgs/cmake)
-- Found rosidl_generator_c: 3.1.5 (/opt/ros/humble/share/rosidl_generator_c/cmake)
-- Found rosidl_adapter: 3.1.5 (/opt/ros/humble/share/rosidl_adapter/cmake)
-- Found rosidl_generator_cpp: 3.1.5 (/opt/ros/humble/share/rosidl_generator_cpp/cmake)
-- Using all available rosidl_typesupport_c: rosidl_typesupport_fastrtps_c;rosidl_typesupport_introspection_c
-- Using all available rosidl_typesupport_cpp: rosidl_typesupport_fastrtps_cpp;rosidl_typesupport_introspection_cpp
-- Found sensor_msgs: 4.2.4 (/opt/ros/humble/share/sensor_msgs/cmake)
-- Found gazebo_ros: 3.7.0 (/opt/ros/humble/share/gazebo_ros/cmake)
-- Found rmw_implementation_cmake: 6.1.2 (/opt/ros/humble/share/rmw_implementation_cmake/cmake)
-- Found rmw_fastrtps_cpp: 6.2.7 (/opt/ros/humble/share/rmw_fastrtps_cpp/cmake)
-- Found OpenSSL: /usr/lib/x86_64-linux-gnu/libcrypto.so (found version "3.0.2")  
-- Found FastRTPS: /opt/ros/humble/include  
-- Using RMW implementation 'rmw_fastrtps_cpp' as default
-- Found PkgConfig: /usr/bin/pkg-config (found version "0.29.2") 
-- Checking for module 'bullet>=2.82'
--   Found bullet, version 3.05
-- Found fcl: /usr/include (found suitable version "0.7.0", minimum required is "0.5.0") 
-- Found assimp: /usr/include (found version "5.2.0") 
-- Found DART: /usr/include (Required is at least version "6.6") found components: dart 
-- Found Boost: /usr/lib/x86_64-linux-gnu/cmake/Boost-1.74.0/BoostConfig.cmake (found suitable version "1.74.0", minimum required is "1.40.0") found components: thread system filesystem program_options regex iostreams date_time 
-- Found Protobuf: /usr/lib/x86_64-linux-gnu/libprotobuf.so (found version "3.12.4") 
-- Looking for ignition-math6 -- found version 6.15.1
-- Searching for dependencies of ignition-math6
-- Looking for OGRE...
-- OGRE_PREFIX_WATCH changed.
-- Checking for module 'OGRE'
--   Found OGRE, version 1.9.0
-- Found Ogre Ghadamon (1.9.0)
-- Found OGRE: optimized;/usr/lib/x86_64-linux-gnu/libOgreMain.so;debug;/usr/lib/x86_64-linux-gnu/libOgreMain.so
-- Looking for OGRE_Paging...
-- Found OGRE_Paging: optimized;/usr/lib/x86_64-linux-gnu/libOgrePaging.so;debug;/usr/lib/x86_64-linux-gnu/libOgrePaging.so
-- Looking for OGRE_Terrain...
-- Found OGRE_Terrain: optimized;/usr/lib/x86_64-linux-gnu/libOgreTerrain.so;debug;/usr/lib/x86_64-linux-gnu/libOgreTerrain.so
-- Looking for OGRE_Property...
-- Found OGRE_Property: optimized;/usr/lib/x86_64-linux-gnu/libOgreProperty.so;debug;/usr/lib/x86_64-linux-gnu/libOgreProperty.so
-- Looking for OGRE_RTShaderSystem...
-- Found OGRE_RTShaderSystem: optimized;/usr/lib/x86_64-linux-gnu/libOgreRTShaderSystem.so;debug;/usr/lib/x86_64-linux-gnu/libOgreRTShaderSystem.so
-- Looking for OGRE_Volume...
-- Found OGRE_Volume: optimized;/usr/lib/x86_64-linux-gnu/libOgreVolume.so;debug;/usr/lib/x86_64-linux-gnu/libOgreVolume.so
-- Looking for OGRE_Overlay...
-- Found OGRE_Overlay: optimized;/usr/lib/x86_64-linux-gnu/libOgreOverlay.so;debug;/usr/lib/x86_64-linux-gnu/libOgreOverlay.so
-- Looking for ignition-math6 -- found version 6.15.1
-- Looking for ignition-transport8 -- found version 8.2.1
-- Searching for dependencies of ignition-transport8
-- Found Protobuf: /usr/lib/x86_64-linux-gnu/libprotobuf.so (found suitable version "3.12.4", minimum required is "3") 
-- Config-file not installed for ZeroMQ -- checking for pkg-config
-- Checking for module 'libzmq >= 4'
--   Found libzmq , version 4.3.4
-- Found ZeroMQ: TRUE (Required is at least version "4") 
-- Checking for module 'uuid'
--   Found uuid, version 2.37.2
-- Found UUID: TRUE  
-- Looking for ignition-msgs5 -- found version 5.8.1
-- Searching for dependencies of ignition-msgs5
-- Looking for ignition-math6 -- found version 6.15.1
-- Checking for module 'tinyxml2'
--   Found tinyxml2, version 9.0.0
-- Looking for ignition-msgs5 -- found version 5.8.1
-- Looking for ignition-common3 -- found version 3.14.0
-- Searching for dependencies of ignition-common3
-- Looking for dlfcn.h - found
-- Looking for libdl - found
-- Found DL: TRUE  
-- Found tinyobjloader: /usr/lib/x86_64-linux-gnu/cmake/tinyobjloader/tinyobjloader-config.cmake (found version "2.0.0") 
-- Searching for <ignition-common3> component [graphics]
-- Looking for ignition-common3-graphics -- found version 3.14.0
-- Searching for dependencies of ignition-common3-graphics
-- Looking for ignition-math6 -- found version 6.15.1
-- Looking for ignition-fuel_tools4 -- found version 4.4.0
-- Searching for dependencies of ignition-fuel_tools4
-- Found CURL: /usr/lib/x86_64-linux-gnu/libcurl.so (found version "7.81.0")  
-- Checking for module 'jsoncpp'
--   Found jsoncpp, version 1.9.5
-- Found JSONCPP: TRUE  
-- Checking for module 'libzip'
--   Found libzip, version 1.7.3
-- Found ZIP: TRUE  
-- Looking for ignition-common3 -- found version 3.14.0
-- Looking for ignition-math6 -- found version 6.15.1
-- Looking for ignition-msgs5 -- found version 5.8.1
-- Gazebo version: 11.10
-- Checking for module 'tbb'
--   Found tbb, version 2021.5.0
-- Found gazebo_msgs: 3.7.0 (/opt/ros/humble/share/gazebo_msgs/cmake)
-- Found nav_msgs: 4.2.4 (/opt/ros/humble/share/nav_msgs/cmake)
-- Found tf2_ros: 0.25.8 (/opt/ros/humble/share/tf2_ros/cmake)
-- Found tf2_geometry_msgs: 0.25.8 (/opt/ros/humble/share/tf2_geometry_msgs/cmake)
-- Found eigen3_cmake_module: 0.1.1 (/opt/ros/humble/share/eigen3_cmake_module/cmake)
-- Found Eigen3: TRUE (found version "3.4.0") 
-- Ensuring Eigen3 include directory is part of orocos-kdl CMake target
-- Found image_transport: 3.1.9 (/opt/ros/humble/share/image_transport/cmake)
-- Found cv_bridge: 3.2.1 (/opt/ros/humble/share/cv_bridge/cmake)
-- Found rclpy: 3.3.14 (/opt/ros/humble/share/rclpy/cmake)
-- Found OpenCV: /usr (found version "4.5.4") 
-- Found rosidl_default_generators: 1.2.0 (/opt/ros/humble/share/rosidl_default_generators/cmake)
-- Found rosbag2_cpp: 0.15.12 (/opt/ros/humble/share/rosbag2_cpp/cmake)
-- Found Doxygen: /usr/bin/doxygen (found version "1.9.1") found components: doxygen dot 
-- Performing Test HAVE_fprofile_abs_path
-- Performing Test HAVE_fprofile_abs_path - Success
-- Appending code coverage compiler flags: -g --coverage -fprofile-abs-path
-- Found ament_cmake_gtest: 1.3.10 (/opt/ros/humble/share/ament_cmake_gtest/cmake)
-- CMAKE_BUILD_TYPE = Debug
-- WANT_COVERAGE    = ON
-- Configuring done
-- Generating done
-- Build files have been written to: /home/ana/final/clearpath/build/project_clearpath
[  6%] [32mBuilding CXX object libs/debris/CMakeFiles/myDebris.dir/debris_detection.cpp.o[0m
[ 13%] [32mBuilding CXX object _deps/googletest-build/googletest/CMakeFiles/gtest.dir/src/gtest-all.cc.o[0m
[ 20%] [32m[1mLinking CXX static library ../../../lib/libgtest.a[0m
[ 20%] Built target gtest
[ 26%] [32mBuilding CXX object _deps/googletest-build/googlemock/CMakeFiles/gmock.dir/src/gmock-all.cc.o[0m
[ 33%] [32m[1mLinking CXX static library ../../../lib/libgmock.a[0m
[ 33%] Built target gmock
[ 40%] [32mBuilding CXX object _deps/googletest-build/googletest/CMakeFiles/gtest_main.dir/src/gtest_main.cc.o[0m
[ 46%] [32m[1mLinking CXX static library ../../../lib/libgtest_main.a[0m
[ 46%] Built target gtest_main
[ 53%] [32mBuilding CXX object libs/debris/CMakeFiles/myDebris.dir/debris_remover.cpp.o[0m
[ 60%] [32mBuilding CXX object _deps/googletest-build/googlemock/CMakeFiles/gmock_main.dir/src/gmock_main.cc.o[0m
[ 66%] [32m[1mLinking CXX static library ../../../lib/libgmock_main.a[0m
[ 66%] Built target gmock_main
[ 73%] [32m[1mLinking CXX static library libmyDebris.a[0m
[ 73%] Built target myDebris
[ 80%] [32mBuilding CXX object test/CMakeFiles/cpp_test.dir/test_level1.cpp.o[0m
[ 86%] [32mBuilding CXX object app/CMakeFiles/collector_node.dir/main.cpp.o[0m
[ 93%] [32m[1mLinking CXX executable collector_node[0m
[ 93%] Built target collector_node
[100%] [32m[1mLinking CXX executable cpp_test[0m
[100%] Built target cpp_test
-- Install configuration: "Debug"
-- Installing: /home/ana/final/clearpath/install/project_clearpath/share/project_clearpath//launch
-- Installing: /home/ana/final/clearpath/install/project_clearpath/share/project_clearpath//launch/spawn_tbot3_custom.py
-- Installing: /home/ana/final/clearpath/install/project_clearpath/share/project_clearpath//launch/collector_robot.launch.py
-- Installing: /home/ana/final/clearpath/install/project_clearpath/share/project_clearpath//launch/spawn_trash.launch.py
-- Installing: /home/ana/final/clearpath/install/project_clearpath/share/project_clearpath//models
-- Installing: /home/ana/final/clearpath/install/project_clearpath/share/project_clearpath//models/fire_hydrant
-- Installing: /home/ana/final/clearpath/install/project_clearpath/share/project_clearpath//models/fire_hydrant/model.config
-- Installing: /home/ana/final/clearpath/install/project_clearpath/share/project_clearpath//models/fire_hydrant/model.sdf
-- Installing: /home/ana/final/clearpath/install/project_clearpath/share/project_clearpath//models/cross_joint_part
-- Installing: /home/ana/final/clearpath/install/project_clearpath/share/project_clearpath//models/cross_joint_part/model.config
-- Installing: /home/ana/final/clearpath/install/project_clearpath/share/project_clearpath//models/cross_joint_part/model.sdf
-- Installing: /home/ana/final/clearpath/install/project_clearpath/share/project_clearpath//models/wooden_peg
-- Installing: /home/ana/final/clearpath/install/project_clearpath/share/project_clearpath//models/wooden_peg/model.config
-- Installing: /home/ana/final/clearpath/install/project_clearpath/share/project_clearpath//models/wooden_peg/model.sdf
-- Installing: /home/ana/final/clearpath/install/project_clearpath/share/project_clearpath//models/beer
-- Installing: /home/ana/final/clearpath/install/project_clearpath/share/project_clearpath//models/beer/model.config
-- Installing: /home/ana/final/clearpath/install/project_clearpath/share/project_clearpath//models/beer/model.sdf
-- Installing: /home/ana/final/clearpath/install/project_clearpath/share/project_clearpath//models/cricket_ball
-- Installing: /home/ana/final/clearpath/install/project_clearpath/share/project_clearpath//models/cricket_ball/model.config
-- Installing: /home/ana/final/clearpath/install/project_clearpath/share/project_clearpath//models/cricket_ball/model.sdf
-- Installing: /home/ana/final/clearpath/install/project_clearpath/share/project_clearpath//models/turtlebot3_waffle_pi
-- Installing: /home/ana/final/clearpath/install/project_clearpath/share/project_clearpath//models/turtlebot3_waffle_pi/model-1_4_.sdf
-- Installing: /home/ana/final/clearpath/install/project_clearpath/share/project_clearpath//models/turtlebot3_waffle_pi/model.config
-- Installing: /home/ana/final/clearpath/install/project_clearpath/share/project_clearpath//models/turtlebot3_waffle_pi/model.sdf
-- Installing: /home/ana/final/clearpath/install/project_clearpath/share/project_clearpath//models/coke_can
-- Installing: /home/ana/final/clearpath/install/project_clearpath/share/project_clearpath//models/coke_can/model.config
-- Installing: /home/ana/final/clearpath/install/project_clearpath/share/project_clearpath//models/coke_can/model.sdf
-- Installing: /home/ana/final/clearpath/install/project_clearpath/share/project_clearpath//models/trash_block
-- Installing: /home/ana/final/clearpath/install/project_clearpath/share/project_clearpath//models/trash_block/model.sdf
-- Installing: /home/ana/final/clearpath/install/project_clearpath/share/project_clearpath//worlds
-- Installing: /home/ana/final/clearpath/install/project_clearpath/share/project_clearpath//worlds/disaster_world.world
-- Installing: /home/ana/final/clearpath/install/project_clearpath/share/project_clearpath//worlds/empty_world.world
-- Installing: /home/ana/final/clearpath/install/project_clearpath/share/project_clearpath//worlds/gazebo_ros_depth_camera_demo.world
-- Installing: /home/ana/final/clearpath/install/project_clearpath/share/project_clearpath//worlds/room2.world
-- Installing: /home/ana/final/clearpath/install/project_clearpath/share/project_clearpath//urdf
-- Installing: /home/ana/final/clearpath/install/project_clearpath/share/project_clearpath//urdf/turtlebot3_waffle_pi.urdf
-- Installing: /home/ana/final/clearpath/install/project_clearpath/share/project_clearpath//urdf/common_properties.urdf
-- Installing: /home/ana/final/clearpath/install/project_clearpath/share/ament_index/resource_index/package_run_dependencies/project_clearpath
-- Installing: /home/ana/final/clearpath/install/project_clearpath/share/ament_index/resource_index/parent_prefix_path/project_clearpath
-- Installing: /home/ana/final/clearpath/install/project_clearpath/share/project_clearpath/environment/ament_prefix_path.sh
-- Installing: /home/ana/final/clearpath/install/project_clearpath/share/project_clearpath/environment/ament_prefix_path.dsv
-- Installing: /home/ana/final/clearpath/install/project_clearpath/share/project_clearpath/environment/path.sh
-- Installing: /home/ana/final/clearpath/install/project_clearpath/share/project_clearpath/environment/path.dsv
-- Installing: /home/ana/final/clearpath/install/project_clearpath/share/project_clearpath/local_setup.bash
-- Installing: /home/ana/final/clearpath/install/project_clearpath/share/project_clearpath/local_setup.sh
-- Installing: /home/ana/final/clearpath/install/project_clearpath/share/project_clearpath/local_setup.zsh
-- Installing: /home/ana/final/clearpath/install/project_clearpath/share/project_clearpath/local_setup.dsv
-- Installing: /home/ana/final/clearpath/install/project_clearpath/share/project_clearpath/package.dsv
-- Installing: /home/ana/final/clearpath/install/project_clearpath/share/ament_index/resource_index/packages/project_clearpath
-- Installing: /home/ana/final/clearpath/install/project_clearpath/share/project_clearpath/cmake/project_clearpathConfig.cmake
-- Installing: /home/ana/final/clearpath/install/project_clearpath/share/project_clearpath/cmake/project_clearpathConfig-version.cmake
-- Installing: /home/ana/final/clearpath/install/project_clearpath/share/project_clearpath/package.xml
-- Installing: /home/ana/final/clearpath/install/project_clearpath/include
-- Installing: /home/ana/final/clearpath/install/project_clearpath/include/gmock
-- Installing: /home/ana/final/clearpath/install/project_clearpath/include/gmock/gmock-more-matchers.h
-- Installing: /home/ana/final/clearpath/install/project_clearpath/include/gmock/internal
-- Installing: /home/ana/final/clearpath/install/project_clearpath/include/gmock/internal/custom
-- Installing: /home/ana/final/clearpath/install/project_clearpath/include/gmock/internal/custom/README.md
-- Installing: /home/ana/final/clearpath/install/project_clearpath/include/gmock/internal/custom/gmock-matchers.h
-- Installing: /home/ana/final/clearpath/install/project_clearpath/include/gmock/internal/custom/gmock-generated-actions.h
-- Installing: /home/ana/final/clearpath/install/project_clearpath/include/gmock/internal/custom/gmock-port.h
-- Installing: /home/ana/final/clearpath/install/project_clearpath/include/gmock/internal/gmock-internal-utils.h
-- Installing: /home/ana/final/clearpath/install/project_clearpath/include/gmock/internal/gmock-port.h
-- Installing: /home/ana/final/clearpath/install/project_clearpath/include/gmock/internal/gmock-pp.h
-- Installing: /home/ana/final/clearpath/install/project_clearpath/include/gmock/gmock-function-mocker.h
-- Installing: /home/ana/final/clearpath/install/project_clearpath/include/gmock/gmock-nice-strict.h
-- Installing: /home/ana/final/clearpath/install/project_clearpath/include/gmock/gmock-matchers.h
-- Installing: /home/ana/final/clearpath/install/project_clearpath/include/gmock/gmock-actions.h
-- Installing: /home/ana/final/clearpath/install/project_clearpath/include/gmock/gmock.h
-- Installing: /home/ana/final/clearpath/install/project_clearpath/include/gmock/gmock-cardinalities.h
-- Installing: /home/ana/final/clearpath/install/project_clearpath/include/gmock/gmock-spec-builders.h
-- Installing: /home/ana/final/clearpath/install/project_clearpath/include/gmock/gmock-more-actions.h
-- Installing: /home/ana/final/clearpath/install/project_clearpath/lib/libgmock.a
-- Installing: /home/ana/final/clearpath/install/project_clearpath/lib/libgmock_main.a
-- Installing: /home/ana/final/clearpath/install/project_clearpath/lib/pkgconfig/gmock.pc
-- Installing: /home/ana/final/clearpath/install/project_clearpath/lib/pkgconfig/gmock_main.pc
-- Installing: /home/ana/final/clearpath/install/project_clearpath/lib/cmake/GTest/GTestTargets.cmake
-- Installing: /home/ana/final/clearpath/install/project_clearpath/lib/cmake/GTest/GTestTargets-debug.cmake
-- Installing: /home/ana/final/clearpath/install/project_clearpath/lib/cmake/GTest/GTestConfigVersion.cmake
-- Installing: /home/ana/final/clearpath/install/project_clearpath/lib/cmake/GTest/GTestConfig.cmake
-- Up-to-date: /home/ana/final/clearpath/install/project_clearpath/include
-- Installing: /home/ana/final/clearpath/install/project_clearpath/include/gtest
-- Installing: /home/ana/final/clearpath/install/project_clearpath/include/gtest/gtest-test-part.h
-- Installing: /home/ana/final/clearpath/install/project_clearpath/include/gtest/internal
-- Installing: /home/ana/final/clearpath/install/project_clearpath/include/gtest/internal/gtest-type-util.h
-- Installing: /home/ana/final/clearpath/install/project_clearpath/include/gtest/internal/custom
-- Installing: /home/ana/final/clearpath/install/project_clearpath/include/gtest/internal/custom/gtest-printers.h
-- Installing: /home/ana/final/clearpath/install/project_clearpath/include/gtest/internal/custom/gtest-port.h
-- Installing: /home/ana/final/clearpath/install/project_clearpath/include/gtest/internal/custom/README.md
-- Installing: /home/ana/final/clearpath/install/project_clearpath/include/gtest/internal/custom/gtest.h
-- Installing: /home/ana/final/clearpath/install/project_clearpath/include/gtest/internal/gtest-param-util.h
-- Installing: /home/ana/final/clearpath/install/project_clearpath/include/gtest/internal/gtest-death-test-internal.h
-- Installing: /home/ana/final/clearpath/install/project_clearpath/include/gtest/internal/gtest-string.h
-- Installing: /home/ana/final/clearpath/install/project_clearpath/include/gtest/internal/gtest-internal.h
-- Installing: /home/ana/final/clearpath/install/project_clearpath/include/gtest/internal/gtest-port.h
-- Installing: /home/ana/final/clearpath/install/project_clearpath/include/gtest/internal/gtest-filepath.h
-- Installing: /home/ana/final/clearpath/install/project_clearpath/include/gtest/internal/gtest-port-arch.h
-- Installing: /home/ana/final/clearpath/install/project_clearpath/include/gtest/gtest-printers.h
-- Installing: /home/ana/final/clearpath/install/project_clearpath/include/gtest/gtest-spi.h
-- Installing: /home/ana/final/clearpath/install/project_clearpath/include/gtest/gtest-matchers.h
-- Installing: /home/ana/final/clearpath/install/project_clearpath/include/gtest/gtest_prod.h
-- Installing: /home/ana/final/clearpath/install/project_clearpath/include/gtest/gtest-param-test.h
-- Installing: /home/ana/final/clearpath/install/project_clearpath/include/gtest/gtest-death-test.h
-- Installing: /home/ana/final/clearpath/install/project_clearpath/include/gtest/gtest.h
-- Installing: /home/ana/final/clearpath/install/project_clearpath/include/gtest/gtest_pred_impl.h
-- Installing: /home/ana/final/clearpath/install/project_clearpath/include/gtest/gtest-message.h
-- Installing: /home/ana/final/clearpath/install/project_clearpath/include/gtest/gtest-assertion-result.h
-- Installing: /home/ana/final/clearpath/install/project_clearpath/include/gtest/gtest-typed-test.h
-- Installing: /home/ana/final/clearpath/install/project_clearpath/lib/libgtest.a
-- Installing: /home/ana/final/clearpath/install/project_clearpath/lib/libgtest_main.a
-- Installing: /home/ana/final/clearpath/install/project_clearpath/lib/pkgconfig/gtest.pc
-- Installing: /home/ana/final/clearpath/install/project_clearpath/lib/pkgconfig/gtest_main.pc
-- Installing: /home/ana/final/clearpath/install/project_clearpath/lib/project_clearpath/collector_node
-- Set runtime path of "/home/ana/final/clearpath/install/project_clearpath/lib/project_clearpath/collector_node" to ""
-- Installing: /home/ana/final/clearpath/install/project_clearpath/lib/project_clearpath/cpp_test
-- Set runtime path of "/home/ana/final/clearpath/install/project_clearpath/lib/project_clearpath/cpp_test" to ""
