[0.010s] Invoking command in '/home/ana/final/clearpath/build/project_clearpath': CMAKE_PREFIX_PATH=${CMAKE_PREFIX_PATH}:/opt/ros/humble /usr/bin/cmake /home/ana/final/clearpath -DCMAKE_CXX_FLAGS=--coverage -DCMAKE_C_FLAGS=--coverage -DCMAKE_BUILD_TYPE=Debug -DCMAKE_INSTALL_PREFIX=/home/ana/final/clearpath/install/project_clearpath
[0.075s] -- The C compiler identification is GNU 11.4.0
[0.135s] -- The CXX compiler identification is GNU 11.4.0
[0.146s] -- Detecting C compiler ABI info
[0.211s] -- Detecting C compiler ABI info - done
[0.215s] -- Check for working C compiler: /usr/bin/cc - skipped
[0.217s] -- Detecting C compile features
[0.218s] -- Detecting C compile features - done
[0.221s] -- Detecting CXX compiler ABI info
[0.298s] -- Detecting CXX compiler ABI info - done
[0.303s] -- Check for working CXX compiler: /usr/bin/c++ - skipped
[0.303s] -- Detecting CXX compile features
[0.304s] -- Detecting CXX compile features - done
[1.336s] -- Found Python3: /usr/bin/python3.10 (found version "3.10.12") found components: Interpreter 
[1.337s] -- Looking for pthread.h
[1.405s] -- Looking for pthread.h - found
[1.405s] -- Performing Test CMAKE_HAVE_LIBC_PTHREAD
[1.475s] -- Performing Test CMAKE_HAVE_LIBC_PTHREAD - Success
[1.476s] -- Found Threads: TRUE  
[1.486s] -- Found ament_cmake: 1.3.10 (/opt/ros/humble/share/ament_cmake/cmake)
[1.604s] -- Found Python3: /usr/bin/python3 (found version "3.10.12") found components: Interpreter 
[1.706s] -- Found std_msgs: 4.2.4 (/opt/ros/humble/share/std_msgs/cmake)
[1.746s] -- Found rosidl_generator_c: 3.1.5 (/opt/ros/humble/share/rosidl_generator_c/cmake)
[1.752s] -- Found rosidl_adapter: 3.1.5 (/opt/ros/humble/share/rosidl_adapter/cmake)
[1.764s] -- Found rosidl_generator_cpp: 3.1.5 (/opt/ros/humble/share/rosidl_generator_cpp/cmake)
[1.780s] -- Using all available rosidl_typesupport_c: rosidl_typesupport_fastrtps_c;rosidl_typesupport_introspection_c
[1.798s] -- Using all available rosidl_typesupport_cpp: rosidl_typesupport_fastrtps_cpp;rosidl_typesupport_introspection_cpp
[1.828s] -- Found sensor_msgs: 4.2.4 (/opt/ros/humble/share/sensor_msgs/cmake)
[1.863s] -- Found gazebo_ros: 3.7.0 (/opt/ros/humble/share/gazebo_ros/cmake)
[1.913s] -- Found rmw_implementation_cmake: 6.1.2 (/opt/ros/humble/share/rmw_implementation_cmake/cmake)
[1.917s] -- Found rmw_fastrtps_cpp: 6.2.7 (/opt/ros/humble/share/rmw_fastrtps_cpp/cmake)
[2.004s] -- Found OpenSSL: /usr/lib/x86_64-linux-gnu/libcrypto.so (found version "3.0.2")  
[2.027s] -- Found FastRTPS: /opt/ros/humble/include  
[2.061s] -- Using RMW implementation 'rmw_fastrtps_cpp' as default
[2.124s] -- Found PkgConfig: /usr/bin/pkg-config (found version "0.29.2") 
[2.125s] -- Checking for module 'bullet>=2.82'
[2.139s] --   Found bullet, version 3.05
[2.241s] -- Found fcl: /usr/include (found suitable version "0.7.0", minimum required is "0.5.0") 
[2.288s] -- Found assimp: /usr/include (found version "5.2.0") 
[2.310s] -- Found DART: /usr/include (Required is at least version "6.6") found components: dart 
[2.335s] -- Found Boost: /usr/lib/x86_64-linux-gnu/cmake/Boost-1.74.0/BoostConfig.cmake (found suitable version "1.74.0", minimum required is "1.40.0") found components: thread system filesystem program_options regex iostreams date_time 
[2.349s] -- Found Protobuf: /usr/lib/x86_64-linux-gnu/libprotobuf.so (found version "3.12.4") 
[2.354s] -- Looking for ignition-math6 -- found version 6.15.1
[2.362s] -- Searching for dependencies of ignition-math6
[2.364s] -- Looking for OGRE...
[2.365s] -- OGRE_PREFIX_WATCH changed.
[2.370s] -- Checking for module 'OGRE'
[2.382s] --   Found OGRE, version 1.9.0
[2.411s] -- Found Ogre Ghadamon (1.9.0)
[2.416s] -- Found OGRE: optimized;/usr/lib/x86_64-linux-gnu/libOgreMain.so;debug;/usr/lib/x86_64-linux-gnu/libOgreMain.so
[2.423s] -- Looking for OGRE_Paging...
[2.427s] -- Found OGRE_Paging: optimized;/usr/lib/x86_64-linux-gnu/libOgrePaging.so;debug;/usr/lib/x86_64-linux-gnu/libOgrePaging.so
[2.427s] -- Looking for OGRE_Terrain...
[2.431s] -- Found OGRE_Terrain: optimized;/usr/lib/x86_64-linux-gnu/libOgreTerrain.so;debug;/usr/lib/x86_64-linux-gnu/libOgreTerrain.so
[2.431s] -- Looking for OGRE_Property...
[2.434s] -- Found OGRE_Property: optimized;/usr/lib/x86_64-linux-gnu/libOgreProperty.so;debug;/usr/lib/x86_64-linux-gnu/libOgreProperty.so
[2.434s] -- Looking for OGRE_RTShaderSystem...
[2.437s] -- Found OGRE_RTShaderSystem: optimized;/usr/lib/x86_64-linux-gnu/libOgreRTShaderSystem.so;debug;/usr/lib/x86_64-linux-gnu/libOgreRTShaderSystem.so
[2.437s] -- Looking for OGRE_Volume...
[2.441s] -- Found OGRE_Volume: optimized;/usr/lib/x86_64-linux-gnu/libOgreVolume.so;debug;/usr/lib/x86_64-linux-gnu/libOgreVolume.so
[2.442s] -- Looking for OGRE_Overlay...
[2.446s] -- Found OGRE_Overlay: optimized;/usr/lib/x86_64-linux-gnu/libOgreOverlay.so;debug;/usr/lib/x86_64-linux-gnu/libOgreOverlay.so
[2.523s] -- Looking for ignition-math6 -- found version 6.15.1
[2.526s] -- Looking for ignition-transport8 -- found version 8.2.1
[2.527s] -- Searching for dependencies of ignition-transport8
[2.541s] -- Found Protobuf: /usr/lib/x86_64-linux-gnu/libprotobuf.so (found suitable version "3.12.4", minimum required is "3") 
[2.548s] -- Config-file not installed for ZeroMQ -- checking for pkg-config
[2.554s] -- Checking for module 'libzmq >= 4'
[2.566s] --   Found libzmq , version 4.3.4
[2.598s] -- Found ZeroMQ: TRUE (Required is at least version "4") 
[2.604s] -- Checking for module 'uuid'
[2.616s] --   Found uuid, version 2.37.2
[2.649s] -- Found UUID: TRUE  
[2.651s] -- Looking for ignition-msgs5 -- found version 5.8.1
[2.652s] -- Searching for dependencies of ignition-msgs5
[2.667s] -- Looking for ignition-math6 -- found version 6.15.1
[2.673s] -- Checking for module 'tinyxml2'
[2.688s] --   Found tinyxml2, version 9.0.0
[2.721s] -- Looking for ignition-msgs5 -- found version 5.8.1
[2.725s] -- Looking for ignition-common3 -- found version 3.14.0
[2.725s] -- Searching for dependencies of ignition-common3
[2.726s] -- Looking for dlfcn.h - found
[2.726s] -- Looking for libdl - found
[2.728s] -- Found DL: TRUE  
[2.740s] -- Found tinyobjloader: /usr/lib/x86_64-linux-gnu/cmake/tinyobjloader/tinyobjloader-config.cmake (found version "2.0.0") 
[2.742s] -- Searching for <ignition-common3> component [graphics]
[2.744s] -- Looking for ignition-common3-graphics -- found version 3.14.0
[2.745s] -- Searching for dependencies of ignition-common3-graphics
[2.745s] -- Looking for ignition-math6 -- found version 6.15.1
[2.749s] -- Looking for ignition-fuel_tools4 -- found version 4.4.0
[2.749s] -- Searching for dependencies of ignition-fuel_tools4
[2.821s] -- Found CURL: /usr/lib/x86_64-linux-gnu/libcurl.so (found version "7.81.0")  
[2.831s] -- Checking for module 'jsoncpp'
[2.844s] --   Found jsoncpp, version 1.9.5
[2.878s] -- Found JSONCPP: TRUE  
[2.885s] -- Checking for module 'libzip'
[2.896s] --   Found libzip, version 1.7.3
[2.926s] -- Found ZIP: TRUE  
[2.927s] -- Looking for ignition-common3 -- found version 3.14.0
[2.927s] -- Looking for ignition-math6 -- found version 6.15.1
[2.927s] -- Looking for ignition-msgs5 -- found version 5.8.1
[2.933s] -- Gazebo version: 11.10
[2.933s] -- Checking for module 'tbb'
[2.950s] --   Found tbb, version 2021.5.0
[2.984s] -- Found gazebo_msgs: 3.7.0 (/opt/ros/humble/share/gazebo_msgs/cmake)
[3.032s] -- Found nav_msgs: 4.2.4 (/opt/ros/humble/share/nav_msgs/cmake)
[3.053s] -- Found tf2_ros: 0.25.8 (/opt/ros/humble/share/tf2_ros/cmake)
[3.161s] -- Found tf2_geometry_msgs: 0.25.8 (/opt/ros/humble/share/tf2_geometry_msgs/cmake)
[3.169s] -- Found eigen3_cmake_module: 0.1.1 (/opt/ros/humble/share/eigen3_cmake_module/cmake)
[3.171s] -- Found Eigen3: TRUE (found version "3.4.0") 
[3.171s] -- Ensuring Eigen3 include directory is part of orocos-kdl CMake target
[3.173s] -- Found image_transport: 3.1.9 (/opt/ros/humble/share/image_transport/cmake)
[3.195s] -- Found cv_bridge: 3.2.1 (/opt/ros/humble/share/cv_bridge/cmake)
[3.206s] -- Found rclpy: 3.3.14 (/opt/ros/humble/share/rclpy/cmake)
[3.209s] -- Found OpenCV: /usr (found version "4.5.4") 
[3.211s] -- Found rosidl_default_generators: 1.2.0 (/opt/ros/humble/share/rosidl_default_generators/cmake)
[3.222s] -- Found rosbag2_cpp: 0.15.12 (/opt/ros/humble/share/rosbag2_cpp/cmake)
[3.313s] -- Found Doxygen: /usr/bin/doxygen (found version "1.9.1") found components: doxygen dot 
[3.352s] [0mEnabling coverage[0m
[3.355s] -- Performing Test HAVE_fprofile_abs_path
[3.426s] -- Performing Test HAVE_fprofile_abs_path - Success
[3.426s] -- Appending code coverage compiler flags: -g --coverage -fprofile-abs-path
[3.442s] -- Found ament_cmake_gtest: 1.3.10 (/opt/ros/humble/share/ament_cmake_gtest/cmake)
[3.522s] -- CMAKE_BUILD_TYPE = Debug
[3.522s] -- WANT_COVERAGE    = ON
[3.522s] -- Configuring done
[3.664s] -- Generating done
[3.667s] -- Build files have been written to: /home/ana/final/clearpath/build/project_clearpath
[3.697s] Invoked command in '/home/ana/final/clearpath/build/project_clearpath' returned '0': CMAKE_PREFIX_PATH=${CMAKE_PREFIX_PATH}:/opt/ros/humble /usr/bin/cmake /home/ana/final/clearpath -DCMAKE_CXX_FLAGS=--coverage -DCMAKE_C_FLAGS=--coverage -DCMAKE_BUILD_TYPE=Debug -DCMAKE_INSTALL_PREFIX=/home/ana/final/clearpath/install/project_clearpath
[3.697s] Invoking command in '/home/ana/final/clearpath/build/project_clearpath': CMAKE_PREFIX_PATH=${CMAKE_PREFIX_PATH}:/opt/ros/humble /usr/bin/cmake --build /home/ana/final/clearpath/build/project_clearpath -- -j2 -l2
[3.788s] [  6%] [32mBuilding CXX object libs/debris/CMakeFiles/myDebris.dir/debris_detection.cpp.o[0m
[3.790s] [ 13%] [32mBuilding CXX object _deps/googletest-build/googletest/CMakeFiles/gtest.dir/src/gtest-all.cc.o[0m
[8.745s] [ 20%] [32m[1mLinking CXX static library ../../../lib/libgtest.a[0m
[8.922s] [ 20%] Built target gtest
[8.947s] [ 26%] [32mBuilding CXX object _deps/googletest-build/googlemock/CMakeFiles/gmock.dir/src/gmock-all.cc.o[0m
[11.487s] [ 33%] [32m[1mLinking CXX static library ../../../lib/libgmock.a[0m
[11.615s] [ 33%] Built target gmock
[11.646s] [ 40%] [32mBuilding CXX object _deps/googletest-build/googletest/CMakeFiles/gtest_main.dir/src/gtest_main.cc.o[0m
[12.487s] [ 46%] [32m[1mLinking CXX static library ../../../lib/libgtest_main.a[0m
[12.566s] [ 46%] Built target gtest_main
[12.576s] [ 53%] [32mBuilding CXX object libs/debris/CMakeFiles/myDebris.dir/debris_remover.cpp.o[0m
[22.286s] [ 60%] [32mBuilding CXX object _deps/googletest-build/googlemock/CMakeFiles/gmock_main.dir/src/gmock_main.cc.o[0m
[23.486s] [ 66%] [32m[1mLinking CXX static library ../../../lib/libgmock_main.a[0m
[23.605s] [ 66%] Built target gmock_main
[24.644s] [ 73%] [32m[1mLinking CXX static library libmyDebris.a[0m
[25.039s] [ 73%] Built target myDebris
[25.069s] [ 80%] [32mBuilding CXX object test/CMakeFiles/cpp_test.dir/test_level1.cpp.o[0m
[25.073s] [ 86%] [32mBuilding CXX object app/CMakeFiles/collector_node.dir/main.cpp.o[0m
[31.217s] [ 93%] [32m[1mLinking CXX executable collector_node[0m
[33.377s] [ 93%] Built target collector_node
[41.428s] [100%] [32m[1mLinking CXX executable cpp_test[0m
[44.278s] [100%] Built target cpp_test
[44.295s] Invoked command in '/home/ana/final/clearpath/build/project_clearpath' returned '0': CMAKE_PREFIX_PATH=${CMAKE_PREFIX_PATH}:/opt/ros/humble /usr/bin/cmake --build /home/ana/final/clearpath/build/project_clearpath -- -j2 -l2
[44.345s] Invoking command in '/home/ana/final/clearpath/build/project_clearpath': CMAKE_PREFIX_PATH=${CMAKE_PREFIX_PATH}:/opt/ros/humble /usr/bin/cmake --install /home/ana/final/clearpath/build/project_clearpath
[44.352s] -- Install configuration: "Debug"
[44.352s] -- Installing: /home/ana/final/clearpath/install/project_clearpath/share/project_clearpath//launch
[44.352s] -- Installing: /home/ana/final/clearpath/install/project_clearpath/share/project_clearpath//launch/spawn_tbot3_custom.py
[44.353s] -- Installing: /home/ana/final/clearpath/install/project_clearpath/share/project_clearpath//launch/collector_robot.launch.py
[44.353s] -- Installing: /home/ana/final/clearpath/install/project_clearpath/share/project_clearpath//launch/spawn_trash.launch.py
[44.354s] -- Installing: /home/ana/final/clearpath/install/project_clearpath/share/project_clearpath//models
[44.354s] -- Installing: /home/ana/final/clearpath/install/project_clearpath/share/project_clearpath//models/fire_hydrant
[44.355s] -- Installing: /home/ana/final/clearpath/install/project_clearpath/share/project_clearpath//models/fire_hydrant/model.config
[44.355s] -- Installing: /home/ana/final/clearpath/install/project_clearpath/share/project_clearpath//models/fire_hydrant/model.sdf
[44.356s] -- Installing: /home/ana/final/clearpath/install/project_clearpath/share/project_clearpath//models/cross_joint_part
[44.356s] -- Installing: /home/ana/final/clearpath/install/project_clearpath/share/project_clearpath//models/cross_joint_part/model.config
[44.357s] -- Installing: /home/ana/final/clearpath/install/project_clearpath/share/project_clearpath//models/cross_joint_part/model.sdf
[44.359s] -- Installing: /home/ana/final/clearpath/install/project_clearpath/share/project_clearpath//models/wooden_peg
[44.359s] -- Installing: /home/ana/final/clearpath/install/project_clearpath/share/project_clearpath//models/wooden_peg/model.config
[44.360s] -- Installing: /home/ana/final/clearpath/install/project_clearpath/share/project_clearpath//models/wooden_peg/model.sdf
[44.360s] -- Installing: /home/ana/final/clearpath/install/project_clearpath/share/project_clearpath//models/beer
[44.360s] -- Installing: /home/ana/final/clearpath/install/project_clearpath/share/project_clearpath//models/beer/model.config
[44.361s] -- Installing: /home/ana/final/clearpath/install/project_clearpath/share/project_clearpath//models/beer/model.sdf
[44.361s] -- Installing: /home/ana/final/clearpath/install/project_clearpath/share/project_clearpath//models/cricket_ball
[44.361s] -- Installing: /home/ana/final/clearpath/install/project_clearpath/share/project_clearpath//models/cricket_ball/model.config
[44.362s] -- Installing: /home/ana/final/clearpath/install/project_clearpath/share/project_clearpath//models/cricket_ball/model.sdf
[44.362s] -- Installing: /home/ana/final/clearpath/install/project_clearpath/share/project_clearpath//models/turtlebot3_waffle_pi
[44.362s] -- Installing: /home/ana/final/clearpath/install/project_clearpath/share/project_clearpath//models/turtlebot3_waffle_pi/model-1_4_.sdf
[44.363s] -- Installing: /home/ana/final/clearpath/install/project_clearpath/share/project_clearpath//models/turtlebot3_waffle_pi/model.config
[44.364s] -- Installing: /home/ana/final/clearpath/install/project_clearpath/share/project_clearpath//models/turtlebot3_waffle_pi/model.sdf
[44.364s] -- Installing: /home/ana/final/clearpath/install/project_clearpath/share/project_clearpath//models/coke_can
[44.365s] -- Installing: /home/ana/final/clearpath/install/project_clearpath/share/project_clearpath//models/coke_can/model.config
[44.365s] -- Installing: /home/ana/final/clearpath/install/project_clearpath/share/project_clearpath//models/coke_can/model.sdf
[44.366s] -- Installing: /home/ana/final/clearpath/install/project_clearpath/share/project_clearpath//models/trash_block
[44.367s] -- Installing: /home/ana/final/clearpath/install/project_clearpath/share/project_clearpath//models/trash_block/model.sdf
[44.367s] -- Installing: /home/ana/final/clearpath/install/project_clearpath/share/project_clearpath//worlds
[44.367s] -- Installing: /home/ana/final/clearpath/install/project_clearpath/share/project_clearpath//worlds/disaster_world.world
[44.368s] -- Installing: /home/ana/final/clearpath/install/project_clearpath/share/project_clearpath//worlds/empty_world.world
[44.369s] -- Installing: /home/ana/final/clearpath/install/project_clearpath/share/project_clearpath//worlds/gazebo_ros_depth_camera_demo.world
[44.370s] -- Installing: /home/ana/final/clearpath/install/project_clearpath/share/project_clearpath//worlds/room2.world
[44.370s] -- Installing: /home/ana/final/clearpath/install/project_clearpath/share/project_clearpath//urdf
[44.370s] -- Installing: /home/ana/final/clearpath/install/project_clearpath/share/project_clearpath//urdf/turtlebot3_waffle_pi.urdf
[44.371s] -- Installing: /home/ana/final/clearpath/install/project_clearpath/share/project_clearpath//urdf/common_properties.urdf
[44.372s] -- Installing: /home/ana/final/clearpath/install/project_clearpath/share/ament_index/resource_index/package_run_dependencies/project_clearpath
[44.373s] -- Installing: /home/ana/final/clearpath/install/project_clearpath/share/ament_index/resource_index/parent_prefix_path/project_clearpath
[44.373s] -- Installing: /home/ana/final/clearpath/install/project_clearpath/share/project_clearpath/environment/ament_prefix_path.sh
[44.374s] -- Installing: /home/ana/final/clearpath/install/project_clearpath/share/project_clearpath/environment/ament_prefix_path.dsv
[44.375s] -- Installing: /home/ana/final/clearpath/install/project_clearpath/share/project_clearpath/environment/path.sh
[44.375s] -- Installing: /home/ana/final/clearpath/install/project_clearpath/share/project_clearpath/environment/path.dsv
[44.376s] -- Installing: /home/ana/final/clearpath/install/project_clearpath/share/project_clearpath/local_setup.bash
[44.376s] -- Installing: /home/ana/final/clearpath/install/project_clearpath/share/project_clearpath/local_setup.sh
[44.378s] -- Installing: /home/ana/final/clearpath/install/project_clearpath/share/project_clearpath/local_setup.zsh
[44.378s] -- Installing: /home/ana/final/clearpath/install/project_clearpath/share/project_clearpath/local_setup.dsv
[44.378s] -- Installing: /home/ana/final/clearpath/install/project_clearpath/share/project_clearpath/package.dsv
[44.378s] -- Installing: /home/ana/final/clearpath/install/project_clearpath/share/ament_index/resource_index/packages/project_clearpath
[44.378s] -- Installing: /home/ana/final/clearpath/install/project_clearpath/share/project_clearpath/cmake/project_clearpathConfig.cmake
[44.378s] -- Installing: /home/ana/final/clearpath/install/project_clearpath/share/project_clearpath/cmake/project_clearpathConfig-version.cmake
[44.378s] -- Installing: /home/ana/final/clearpath/install/project_clearpath/share/project_clearpath/package.xml
[44.378s] -- Installing: /home/ana/final/clearpath/install/project_clearpath/include
[44.378s] -- Installing: /home/ana/final/clearpath/install/project_clearpath/include/gmock
[44.378s] -- Installing: /home/ana/final/clearpath/install/project_clearpath/include/gmock/gmock-more-matchers.h
[44.380s] -- Installing: /home/ana/final/clearpath/install/project_clearpath/include/gmock/internal
[44.380s] -- Installing: /home/ana/final/clearpath/install/project_clearpath/include/gmock/internal/custom
[44.380s] -- Installing: /home/ana/final/clearpath/install/project_clearpath/include/gmock/internal/custom/README.md
[44.380s] -- Installing: /home/ana/final/clearpath/install/project_clearpath/include/gmock/internal/custom/gmock-matchers.h
[44.380s] -- Installing: /home/ana/final/clearpath/install/project_clearpath/include/gmock/internal/custom/gmock-generated-actions.h
[44.380s] -- Installing: /home/ana/final/clearpath/install/project_clearpath/include/gmock/internal/custom/gmock-port.h
[44.380s] -- Installing: /home/ana/final/clearpath/install/project_clearpath/include/gmock/internal/gmock-internal-utils.h
[44.380s] -- Installing: /home/ana/final/clearpath/install/project_clearpath/include/gmock/internal/gmock-port.h
[44.380s] -- Installing: /home/ana/final/clearpath/install/project_clearpath/include/gmock/internal/gmock-pp.h
[44.380s] -- Installing: /home/ana/final/clearpath/install/project_clearpath/include/gmock/gmock-function-mocker.h
[44.380s] -- Installing: /home/ana/final/clearpath/install/project_clearpath/include/gmock/gmock-nice-strict.h
[44.380s] -- Installing: /home/ana/final/clearpath/install/project_clearpath/include/gmock/gmock-matchers.h
[44.380s] -- Installing: /home/ana/final/clearpath/install/project_clearpath/include/gmock/gmock-actions.h
[44.380s] -- Installing: /home/ana/final/clearpath/install/project_clearpath/include/gmock/gmock.h
[44.380s] -- Installing: /home/ana/final/clearpath/install/project_clearpath/include/gmock/gmock-cardinalities.h
[44.380s] -- Installing: /home/ana/final/clearpath/install/project_clearpath/include/gmock/gmock-spec-builders.h
[44.380s] -- Installing: /home/ana/final/clearpath/install/project_clearpath/include/gmock/gmock-more-actions.h
[44.380s] -- Installing: /home/ana/final/clearpath/install/project_clearpath/lib/libgmock.a
[44.388s] -- Installing: /home/ana/final/clearpath/install/project_clearpath/lib/libgmock_main.a
[44.388s] -- Installing: /home/ana/final/clearpath/install/project_clearpath/lib/pkgconfig/gmock.pc
[44.388s] -- Installing: /home/ana/final/clearpath/install/project_clearpath/lib/pkgconfig/gmock_main.pc
[44.388s] -- Installing: /home/ana/final/clearpath/install/project_clearpath/lib/cmake/GTest/GTestTargets.cmake
[44.388s] -- Installing: /home/ana/final/clearpath/install/project_clearpath/lib/cmake/GTest/GTestTargets-debug.cmake
[44.388s] -- Installing: /home/ana/final/clearpath/install/project_clearpath/lib/cmake/GTest/GTestConfigVersion.cmake
[44.392s] -- Installing: /home/ana/final/clearpath/install/project_clearpath/lib/cmake/GTest/GTestConfig.cmake
[44.393s] -- Up-to-date: /home/ana/final/clearpath/install/project_clearpath/include
[44.393s] -- Installing: /home/ana/final/clearpath/install/project_clearpath/include/gtest
[44.393s] -- Installing: /home/ana/final/clearpath/install/project_clearpath/include/gtest/gtest-test-part.h
[44.393s] -- Installing: /home/ana/final/clearpath/install/project_clearpath/include/gtest/internal
[44.393s] -- Installing: /home/ana/final/clearpath/install/project_clearpath/include/gtest/internal/gtest-type-util.h
[44.393s] -- Installing: /home/ana/final/clearpath/install/project_clearpath/include/gtest/internal/custom
[44.393s] -- Installing: /home/ana/final/clearpath/install/project_clearpath/include/gtest/internal/custom/gtest-printers.h
[44.393s] -- Installing: /home/ana/final/clearpath/install/project_clearpath/include/gtest/internal/custom/gtest-port.h
[44.393s] -- Installing: /home/ana/final/clearpath/install/project_clearpath/include/gtest/internal/custom/README.md
[44.393s] -- Installing: /home/ana/final/clearpath/install/project_clearpath/include/gtest/internal/custom/gtest.h
[44.393s] -- Installing: /home/ana/final/clearpath/install/project_clearpath/include/gtest/internal/gtest-param-util.h
[44.393s] -- Installing: /home/ana/final/clearpath/install/project_clearpath/include/gtest/internal/gtest-death-test-internal.h
[44.393s] -- Installing: /home/ana/final/clearpath/install/project_clearpath/include/gtest/internal/gtest-string.h
[44.393s] -- Installing: /home/ana/final/clearpath/install/project_clearpath/include/gtest/internal/gtest-internal.h
[44.393s] -- Installing: /home/ana/final/clearpath/install/project_clearpath/include/gtest/internal/gtest-port.h
[44.393s] -- Installing: /home/ana/final/clearpath/install/project_clearpath/include/gtest/internal/gtest-filepath.h
[44.393s] -- Installing: /home/ana/final/clearpath/install/project_clearpath/include/gtest/internal/gtest-port-arch.h
[44.393s] -- Installing: /home/ana/final/clearpath/install/project_clearpath/include/gtest/gtest-printers.h
[44.393s] -- Installing: /home/ana/final/clearpath/install/project_clearpath/include/gtest/gtest-spi.h
[44.394s] -- Installing: /home/ana/final/clearpath/install/project_clearpath/include/gtest/gtest-matchers.h
[44.394s] -- Installing: /home/ana/final/clearpath/install/project_clearpath/include/gtest/gtest_prod.h
[44.394s] -- Installing: /home/ana/final/clearpath/install/project_clearpath/include/gtest/gtest-param-test.h
[44.394s] -- Installing: /home/ana/final/clearpath/install/project_clearpath/include/gtest/gtest-death-test.h
[44.394s] -- Installing: /home/ana/final/clearpath/install/project_clearpath/include/gtest/gtest.h
[44.394s] -- Installing: /home/ana/final/clearpath/install/project_clearpath/include/gtest/gtest_pred_impl.h
[44.394s] -- Installing: /home/ana/final/clearpath/install/project_clearpath/include/gtest/gtest-message.h
[44.394s] -- Installing: /home/ana/final/clearpath/install/project_clearpath/include/gtest/gtest-assertion-result.h
[44.394s] -- Installing: /home/ana/final/clearpath/install/project_clearpath/include/gtest/gtest-typed-test.h
[44.394s] -- Installing: /home/ana/final/clearpath/install/project_clearpath/lib/libgtest.a
[44.404s] -- Installing: /home/ana/final/clearpath/install/project_clearpath/lib/libgtest_main.a
[44.404s] -- Installing: /home/ana/final/clearpath/install/project_clearpath/lib/pkgconfig/gtest.pc
[44.404s] -- Installing: /home/ana/final/clearpath/install/project_clearpath/lib/pkgconfig/gtest_main.pc
[44.404s] -- Installing: /home/ana/final/clearpath/install/project_clearpath/lib/project_clearpath/collector_node
[44.427s] -- Set runtime path of "/home/ana/final/clearpath/install/project_clearpath/lib/project_clearpath/collector_node" to ""
[44.428s] -- Installing: /home/ana/final/clearpath/install/project_clearpath/lib/project_clearpath/cpp_test
[44.479s] -- Set runtime path of "/home/ana/final/clearpath/install/project_clearpath/lib/project_clearpath/cpp_test" to ""
[44.482s] Invoked command in '/home/ana/final/clearpath/build/project_clearpath' returned '0': CMAKE_PREFIX_PATH=${CMAKE_PREFIX_PATH}:/opt/ros/humble /usr/bin/cmake --install /home/ana/final/clearpath/build/project_clearpath
