[0.109s] DEBUG:colcon:Command line arguments: ['/home/ana/.local/bin/colcon', 'build', '--cmake-args', '-DCMAKE_CXX_FLAGS=--coverage', '-DCMAKE_C_FLAGS=--coverage', '-DCMAKE_BUILD_TYPE=Debug']
[0.109s] DEBUG:colcon:Parsed command line arguments: Namespace(log_base=None, log_level=None, verb_name='build', build_base='build', install_base='install', merge_install=False, symlink_install=False, test_result_base=None, continue_on_error=False, executor='parallel', parallel_workers=2, event_handlers=None, ignore_user_meta=False, metas=['./colcon.meta'], base_paths=['.'], packages_ignore=None, packages_ignore_regex=None, paths=None, packages_up_to=None, packages_up_to_regex=None, packages_above=None, packages_above_and_dependencies=None, packages_above_depth=None, packages_select_by_dep=None, packages_skip_by_dep=None, packages_skip_up_to=None, packages_select_build_failed=False, packages_skip_build_finished=False, packages_select_test_failures=False, packages_skip_test_passed=False, packages_select=None, packages_skip=None, packages_select_regex=None, packages_skip_regex=None, packages_start=None, packages_end=None, allow_overriding=[], cmake_args=['-DCMAKE_CXX_FLAGS=--coverage', '-DCMAKE_C_FLAGS=--coverage', '-DCMAKE_BUILD_TYPE=Debug'], cmake_target=None, cmake_target_skip_unavailable=False, cmake_clean_cache=False, cmake_clean_first=False, cmake_force_configure=False, ament_cmake_args=None, catkin_cmake_args=None, catkin_skip_building_tests=False, mixin_files=None, mixin=None, verb_parser=<colcon_mixin.mixin.mixin_argument.MixinArgumentDecorator object at 0x79d559e1cd30>, verb_extension=<colcon_core.verb.build.BuildVerb object at 0x79d559e1c7c0>, main=<bound method BuildVerb.main of <colcon_core.verb.build.BuildVerb object at 0x79d559e1c7c0>>, mixin_verb=('build',))
[0.220s] Level 1:colcon.colcon_core.package_discovery:discover_packages(colcon_meta) check parameters
[0.220s] Level 1:colcon.colcon_core.package_discovery:discover_packages(recursive) check parameters
[0.220s] Level 1:colcon.colcon_core.package_discovery:discover_packages(ignore) check parameters
[0.220s] Level 1:colcon.colcon_core.package_discovery:discover_packages(path) check parameters
[0.220s] Level 1:colcon.colcon_core.package_discovery:discover_packages(colcon_meta) discover
[0.220s] Level 1:colcon.colcon_core.package_discovery:discover_packages(recursive) discover
[0.220s] INFO:colcon.colcon_core.package_discovery:Crawling recursively for packages in '/home/ana/final/clearpath'
[0.220s] Level 1:colcon.colcon_core.package_identification:_identify(.) by extensions ['ignore', 'ignore_ament_install']
[0.220s] Level 1:colcon.colcon_core.package_identification:_identify(.) by extension 'ignore'
[0.220s] Level 1:colcon.colcon_core.package_identification:_identify(.) by extension 'ignore_ament_install'
[0.221s] Level 1:colcon.colcon_core.package_identification:_identify(.) by extensions ['colcon_pkg']
[0.221s] Level 1:colcon.colcon_core.package_identification:_identify(.) by extension 'colcon_pkg'
[0.221s] Level 1:colcon.colcon_core.package_identification:_identify(.) by extensions ['colcon_meta']
[0.221s] Level 1:colcon.colcon_core.package_identification:_identify(.) by extension 'colcon_meta'
[0.221s] Level 1:colcon.colcon_core.package_identification:_identify(.) by extensions ['ros']
[0.221s] Level 1:colcon.colcon_core.package_identification:_identify(.) by extension 'ros'
[0.231s] DEBUG:colcon.colcon_core.package_identification:Package '.' with type 'ros.ament_cmake' and name 'project_clearpath'
[0.231s] Level 1:colcon.colcon_core.package_discovery:discover_packages(recursive) using defaults
[0.231s] Level 1:colcon.colcon_core.package_discovery:discover_packages(ignore) discover
[0.231s] Level 1:colcon.colcon_core.package_discovery:discover_packages(ignore) using defaults
[0.231s] Level 1:colcon.colcon_core.package_discovery:discover_packages(path) discover
[0.231s] Level 1:colcon.colcon_core.package_discovery:discover_packages(path) using defaults
[0.247s] Level 1:colcon.colcon_core.package_discovery:discover_packages(prefix_path) check parameters
[0.247s] Level 1:colcon.colcon_core.package_discovery:discover_packages(prefix_path) discover
[0.248s] WARNING:colcon.colcon_core.prefix_path.colcon:The path '/home/ana/project_clearpath/install' in the environment variable COLCON_PREFIX_PATH doesn't exist
[0.248s] WARNING:colcon.colcon_core.prefix_path.colcon:The path '/home/ana/final/install' in the environment variable COLCON_PREFIX_PATH doesn't exist
[0.248s] WARNING:colcon.colcon_ros.prefix_path.ament:The path '/home/ana/final/clearpath/install/project_clearpath' in the environment variable AMENT_PREFIX_PATH doesn't exist
[0.248s] WARNING:colcon.colcon_ros.prefix_path.ament:The path '/home/ana/project_clearpath/install/project_clearpath' in the environment variable AMENT_PREFIX_PATH doesn't exist
[0.248s] WARNING:colcon.colcon_ros.prefix_path.ament:The path '/home/ana/final/install/project_clearpath' in the environment variable AMENT_PREFIX_PATH doesn't exist
[0.248s] WARNING:colcon.colcon_ros.prefix_path.catkin:The path '/home/ana/final/clearpath/install/project_clearpath' in the environment variable CMAKE_PREFIX_PATH doesn't exist
[0.248s] WARNING:colcon.colcon_ros.prefix_path.catkin:The path '/home/ana/project_clearpath/install/project_clearpath' in the environment variable CMAKE_PREFIX_PATH doesn't exist
[0.248s] WARNING:colcon.colcon_ros.prefix_path.catkin:The path '/home/ana/final/install/project_clearpath' in the environment variable CMAKE_PREFIX_PATH doesn't exist
[0.249s] DEBUG:colcon.colcon_installed_package_information.package_discovery:Found 0 installed packages in /home/ana/final/clearpath/install
[0.250s] DEBUG:colcon.colcon_installed_package_information.package_discovery:Found 385 installed packages in /opt/ros/humble
[0.259s] Level 1:colcon.colcon_core.package_discovery:discover_packages(prefix_path) using defaults
[0.297s] Level 5:colcon.colcon_core.verb:set package 'project_clearpath' build argument 'cmake_args' from command line to '['-DCMAKE_CXX_FLAGS=--coverage', '-DCMAKE_C_FLAGS=--coverage', '-DCMAKE_BUILD_TYPE=Debug']'
[0.297s] Level 5:colcon.colcon_core.verb:set package 'project_clearpath' build argument 'cmake_target' from command line to 'None'
[0.297s] Level 5:colcon.colcon_core.verb:set package 'project_clearpath' build argument 'cmake_target_skip_unavailable' from command line to 'False'
[0.297s] Level 5:colcon.colcon_core.verb:set package 'project_clearpath' build argument 'cmake_clean_cache' from command line to 'False'
[0.297s] Level 5:colcon.colcon_core.verb:set package 'project_clearpath' build argument 'cmake_clean_first' from command line to 'False'
[0.297s] Level 5:colcon.colcon_core.verb:set package 'project_clearpath' build argument 'cmake_force_configure' from command line to 'False'
[0.297s] Level 5:colcon.colcon_core.verb:set package 'project_clearpath' build argument 'ament_cmake_args' from command line to 'None'
[0.297s] Level 5:colcon.colcon_core.verb:set package 'project_clearpath' build argument 'catkin_cmake_args' from command line to 'None'
[0.297s] Level 5:colcon.colcon_core.verb:set package 'project_clearpath' build argument 'catkin_skip_building_tests' from command line to 'False'
[0.298s] DEBUG:colcon.colcon_core.verb:Building package 'project_clearpath' with the following arguments: {'ament_cmake_args': None, 'build_base': '/home/ana/final/clearpath/build/project_clearpath', 'catkin_cmake_args': None, 'catkin_skip_building_tests': False, 'cmake_args': ['-DCMAKE_CXX_FLAGS=--coverage', '-DCMAKE_C_FLAGS=--coverage', '-DCMAKE_BUILD_TYPE=Debug'], 'cmake_clean_cache': False, 'cmake_clean_first': False, 'cmake_force_configure': False, 'cmake_target': None, 'cmake_target_skip_unavailable': False, 'install_base': '/home/ana/final/clearpath/install/project_clearpath', 'merge_install': False, 'path': '/home/ana/final/clearpath', 'symlink_install': False, 'test_result_base': None}
[0.298s] INFO:colcon.colcon_core.executor:Executing jobs using 'parallel' executor
[0.299s] DEBUG:colcon.colcon_parallel_executor.executor.parallel:run_until_complete
[0.299s] INFO:colcon.colcon_ros.task.ament_cmake.build:Building ROS package in '/home/ana/final/clearpath' with build type 'ament_cmake'
[0.299s] INFO:colcon.colcon_cmake.task.cmake.build:Building CMake package in '/home/ana/final/clearpath'
[0.300s] INFO:colcon.colcon_core.plugin_system:Skipping extension 'colcon_core.shell.bat': Not used on non-Windows systems
[0.301s] INFO:colcon.colcon_core.shell:Skip shell extension 'powershell' for command environment: Not usable outside of PowerShell
[0.301s] DEBUG:colcon.colcon_core.shell:Skip shell extension 'dsv' for command environment
[0.309s] DEBUG:colcon.colcon_core.event_handler.log_command:Invoking command in '/home/ana/final/clearpath/build/project_clearpath': CMAKE_PREFIX_PATH=${CMAKE_PREFIX_PATH}:/opt/ros/humble /usr/bin/cmake /home/ana/final/clearpath -DCMAKE_CXX_FLAGS=--coverage -DCMAKE_C_FLAGS=--coverage -DCMAKE_BUILD_TYPE=Debug -DCMAKE_INSTALL_PREFIX=/home/ana/final/clearpath/install/project_clearpath
[3.996s] DEBUG:colcon.colcon_core.event_handler.log_command:Invoked command in '/home/ana/final/clearpath/build/project_clearpath' returned '0': CMAKE_PREFIX_PATH=${CMAKE_PREFIX_PATH}:/opt/ros/humble /usr/bin/cmake /home/ana/final/clearpath -DCMAKE_CXX_FLAGS=--coverage -DCMAKE_C_FLAGS=--coverage -DCMAKE_BUILD_TYPE=Debug -DCMAKE_INSTALL_PREFIX=/home/ana/final/clearpath/install/project_clearpath
[3.996s] DEBUG:colcon.colcon_core.event_handler.log_command:Invoking command in '/home/ana/final/clearpath/build/project_clearpath': CMAKE_PREFIX_PATH=${CMAKE_PREFIX_PATH}:/opt/ros/humble /usr/bin/cmake --build /home/ana/final/clearpath/build/project_clearpath -- -j2 -l2
[44.595s] DEBUG:colcon.colcon_core.event_handler.log_command:Invoked command in '/home/ana/final/clearpath/build/project_clearpath' returned '0': CMAKE_PREFIX_PATH=${CMAKE_PREFIX_PATH}:/opt/ros/humble /usr/bin/cmake --build /home/ana/final/clearpath/build/project_clearpath -- -j2 -l2
[44.644s] DEBUG:colcon.colcon_core.event_handler.log_command:Invoking command in '/home/ana/final/clearpath/build/project_clearpath': CMAKE_PREFIX_PATH=${CMAKE_PREFIX_PATH}:/opt/ros/humble /usr/bin/cmake --install /home/ana/final/clearpath/build/project_clearpath
[44.780s] Level 1:colcon.colcon_core.environment:create_environment_scripts_only(project_clearpath)
[44.782s] DEBUG:colcon.colcon_core.event_handler.log_command:Invoked command in '/home/ana/final/clearpath/build/project_clearpath' returned '0': CMAKE_PREFIX_PATH=${CMAKE_PREFIX_PATH}:/opt/ros/humble /usr/bin/cmake --install /home/ana/final/clearpath/build/project_clearpath
[44.796s] Level 1:colcon.colcon_core.environment:checking '/home/ana/final/clearpath/install/project_clearpath' for CMake module files
[44.796s] Level 1:colcon.colcon_core.environment:checking '/home/ana/final/clearpath/install/project_clearpath' for CMake config files
[44.796s] Level 1:colcon.colcon_core.shell:create_environment_hook('project_clearpath', 'cmake_prefix_path')
[44.797s] INFO:colcon.colcon_core.shell:Creating environment hook '/home/ana/final/clearpath/install/project_clearpath/share/project_clearpath/hook/cmake_prefix_path.ps1'
[44.798s] INFO:colcon.colcon_core.shell:Creating environment descriptor '/home/ana/final/clearpath/install/project_clearpath/share/project_clearpath/hook/cmake_prefix_path.dsv'
[44.799s] INFO:colcon.colcon_core.shell:Creating environment hook '/home/ana/final/clearpath/install/project_clearpath/share/project_clearpath/hook/cmake_prefix_path.sh'
[44.801s] Level 1:colcon.colcon_core.environment:checking '/home/ana/final/clearpath/install/project_clearpath/lib'
[44.801s] Level 1:colcon.colcon_core.environment:checking '/home/ana/final/clearpath/install/project_clearpath/bin'
[44.801s] Level 1:colcon.colcon_core.environment:checking '/home/ana/final/clearpath/install/project_clearpath/lib/pkgconfig/project_clearpath.pc'
[44.801s] Level 1:colcon.colcon_core.environment:checking '/home/ana/final/clearpath/install/project_clearpath/lib/python3.10/site-packages'
[44.802s] Level 1:colcon.colcon_core.environment:checking '/home/ana/final/clearpath/install/project_clearpath/bin'
[44.802s] INFO:colcon.colcon_core.shell:Creating package script '/home/ana/final/clearpath/install/project_clearpath/share/project_clearpath/package.ps1'
[44.804s] INFO:colcon.colcon_core.shell:Creating package descriptor '/home/ana/final/clearpath/install/project_clearpath/share/project_clearpath/package.dsv'
[44.805s] INFO:colcon.colcon_core.shell:Creating package script '/home/ana/final/clearpath/install/project_clearpath/share/project_clearpath/package.sh'
[44.806s] INFO:colcon.colcon_core.shell:Creating package script '/home/ana/final/clearpath/install/project_clearpath/share/project_clearpath/package.bash'
[44.807s] INFO:colcon.colcon_core.shell:Creating package script '/home/ana/final/clearpath/install/project_clearpath/share/project_clearpath/package.zsh'
[44.809s] Level 1:colcon.colcon_core.environment:create_file_with_runtime_dependencies(/home/ana/final/clearpath/install/project_clearpath/share/colcon-core/packages/project_clearpath)
[44.847s] Level 1:colcon.colcon_core.environment:create_environment_scripts_only(project_clearpath)
[44.847s] Level 1:colcon.colcon_core.environment:checking '/home/ana/final/clearpath/install/project_clearpath' for CMake module files
[44.847s] Level 1:colcon.colcon_core.environment:checking '/home/ana/final/clearpath/install/project_clearpath' for CMake config files
[44.847s] Level 1:colcon.colcon_core.shell:create_environment_hook('project_clearpath', 'cmake_prefix_path')
[44.848s] INFO:colcon.colcon_core.shell:Creating environment hook '/home/ana/final/clearpath/install/project_clearpath/share/project_clearpath/hook/cmake_prefix_path.ps1'
[44.848s] INFO:colcon.colcon_core.shell:Creating environment descriptor '/home/ana/final/clearpath/install/project_clearpath/share/project_clearpath/hook/cmake_prefix_path.dsv'
[44.849s] INFO:colcon.colcon_core.shell:Creating environment hook '/home/ana/final/clearpath/install/project_clearpath/share/project_clearpath/hook/cmake_prefix_path.sh'
[44.849s] Level 1:colcon.colcon_core.environment:checking '/home/ana/final/clearpath/install/project_clearpath/lib'
[44.849s] Level 1:colcon.colcon_core.environment:checking '/home/ana/final/clearpath/install/project_clearpath/bin'
[44.849s] Level 1:colcon.colcon_core.environment:checking '/home/ana/final/clearpath/install/project_clearpath/lib/pkgconfig/project_clearpath.pc'
[44.850s] Level 1:colcon.colcon_core.environment:checking '/home/ana/final/clearpath/install/project_clearpath/lib/python3.10/site-packages'
[44.850s] Level 1:colcon.colcon_core.environment:checking '/home/ana/final/clearpath/install/project_clearpath/bin'
[44.850s] INFO:colcon.colcon_core.shell:Creating package script '/home/ana/final/clearpath/install/project_clearpath/share/project_clearpath/package.ps1'
[44.851s] INFO:colcon.colcon_core.shell:Creating package descriptor '/home/ana/final/clearpath/install/project_clearpath/share/project_clearpath/package.dsv'
[44.851s] INFO:colcon.colcon_core.shell:Creating package script '/home/ana/final/clearpath/install/project_clearpath/share/project_clearpath/package.sh'
[44.852s] INFO:colcon.colcon_core.shell:Creating package script '/home/ana/final/clearpath/install/project_clearpath/share/project_clearpath/package.bash'
[44.852s] INFO:colcon.colcon_core.shell:Creating package script '/home/ana/final/clearpath/install/project_clearpath/share/project_clearpath/package.zsh'
[44.853s] Level 1:colcon.colcon_core.environment:create_file_with_runtime_dependencies(/home/ana/final/clearpath/install/project_clearpath/share/colcon-core/packages/project_clearpath)
[44.853s] DEBUG:colcon.colcon_parallel_executor.executor.parallel:closing loop
[44.854s] DEBUG:colcon.colcon_parallel_executor.executor.parallel:loop closed
[44.854s] DEBUG:colcon.colcon_parallel_executor.executor.parallel:run_until_complete finished with '0'
[44.854s] DEBUG:colcon.colcon_core.event_reactor:joining thread
[44.869s] INFO:colcon.colcon_core.plugin_system:Skipping extension 'colcon_notification.desktop_notification.terminal_notifier': Not used on non-Darwin systems
[44.869s] INFO:colcon.colcon_core.plugin_system:Skipping extension 'colcon_notification.desktop_notification.win32': Not used on non-Windows systems
[44.870s] INFO:colcon.colcon_notification.desktop_notification:Sending desktop notification using 'notify2'
[44.889s] DEBUG:colcon.colcon_core.event_reactor:joined thread
[44.889s] INFO:colcon.colcon_core.shell:Creating prefix script '/home/ana/final/clearpath/install/local_setup.ps1'
[44.890s] INFO:colcon.colcon_core.shell:Creating prefix util module '/home/ana/final/clearpath/install/_local_setup_util_ps1.py'
[44.891s] INFO:colcon.colcon_core.shell:Creating prefix chain script '/home/ana/final/clearpath/install/setup.ps1'
[44.893s] INFO:colcon.colcon_core.shell:Creating prefix script '/home/ana/final/clearpath/install/local_setup.sh'
[44.894s] INFO:colcon.colcon_core.shell:Creating prefix util module '/home/ana/final/clearpath/install/_local_setup_util_sh.py'
[44.894s] INFO:colcon.colcon_core.shell:Creating prefix chain script '/home/ana/final/clearpath/install/setup.sh'
[44.895s] INFO:colcon.colcon_core.shell:Creating prefix script '/home/ana/final/clearpath/install/local_setup.bash'
[44.896s] INFO:colcon.colcon_core.shell:Creating prefix chain script '/home/ana/final/clearpath/install/setup.bash'
[44.896s] INFO:colcon.colcon_core.shell:Creating prefix script '/home/ana/final/clearpath/install/local_setup.zsh'
[44.897s] INFO:colcon.colcon_core.shell:Creating prefix chain script '/home/ana/final/clearpath/install/setup.zsh'
